#
# There is insufficient memory for the Java Runtime Environment to continue.
# Native memory allocation (malloc) failed to allocate 1048576 bytes for AllocateHeap
# Possible reasons:
#   The system is out of physical RAM or swap space
#   The process is running with CompressedOops enabled, and the Java Heap may be blocking the growth of the native heap
# Possible solutions:
#   Reduce memory load on the system
#   Increase physical memory or swap space
#   Check if swap backing store is full
#   Decrease Java heap size (-Xmx/-Xms)
#   Decrease number of Java threads
#   Decrease Java thread stack sizes (-Xss)
#   Set larger code cache with -XX:ReservedCodeCacheSize=
#   JVM is running with Unscaled Compressed Oops mode in which the Java heap is
#     placed in the first 4GB address space. The Java Heap base address is the
#     maximum limit for the native heap growth. Please use -XX:HeapBaseMinAddress
#     to set the Java Heap base and to place the Java Heap above 4GB virtual address.
# This output file may be truncated or incomplete.
#
#  Out of Memory Error (memory/allocation.inline.hpp:61), pid=2076, tid=0x0000000000003e24
#
# JRE version:  (8.0_242-b01) (build )
# Java VM: OpenJDK 64-Bit Server VM (25.242-b01 mixed mode windows-amd64 compressed oops)
# Failed to write core dump. Minidumps are not enabled by default on client versions of Windows
#

---------------  T H R E A D  ---------------

Current thread (0x00000000030d2800):  JavaThread "Unknown thread" [_thread_in_vm, id=15908, stack(0x0000000002f40000,0x0000000003040000)]

Stack: [0x0000000002f40000,0x0000000003040000]
[error occurred during error reporting (printing stack bounds), id 0xc0000005]

Native frames: (J=compiled Java code, j=interpreted, Vv=VM code, C=native code)


---------------  P R O C E S S  ---------------

Java Threads: ( => current thread )

Other Threads:

=>0x00000000030d2800 (exited) JavaThread "Unknown thread" [_thread_in_vm, id=15908, stack(0x0000000002f40000,0x0000000003040000)]

VM state:not at safepoint (normal execution)

VM Mutex/Monitor currently owned by a thread: None

heap address: 0x0000000081a00000, size: 2022 MB, Compressed Oops mode: 32-bit
Narrow klass base: 0x0000000000000000, Narrow klass shift: 3
Compressed class space size: 1073741824 Address: 0x0000000100000000

Heap:
 PSYoungGen      total 38400K, used 665K [0x00000000d5e00000, 0x00000000d8880000, 0x0000000100000000)
  eden space 33280K, 2% used [0x00000000d5e00000,0x00000000d5ea6670,0x00000000d7e80000)
  from space 5120K, 0% used [0x00000000d8380000,0x00000000d8380000,0x00000000d8880000)
  to   space 5120K, 0% used [0x00000000d7e80000,0x00000000d7e80000,0x00000000d8380000)
 ParOldGen       total 87552K, used 0K [0x0000000081a00000, 0x0000000086f80000, 0x00000000d5e00000)
  object space 87552K, 0% used [0x0000000081a00000,0x0000000081a00000,0x0000000086f80000)
 Metaspace       used 779K, capacity 4480K, committed 4480K, reserved 1056768K
  class space    used 74K, capacity 384K, committed 384K, reserved 1048576K

Card table byte_map: [0x0000000012590000,0x0000000012990000] byte_map_base: 0x0000000012183000

Marking Bits: (ParMarkBitMap*) 0x00000000772bf030
 Begin Bits: [0x0000000013440000, 0x00000000153d8000)
 End Bits:   [0x00000000153d8000, 0x0000000017370000)

Polling page: 0x0000000001140000

CodeCache: size=245760Kb used=328Kb max_used=328Kb free=245431Kb
 bounds [0x00000000031d0000, 0x0000000003440000, 0x00000000121d0000]
 total_blobs=57 nmethods=0 adapters=38
 compilation: enabled

Compilation events (0 events):
No events

GC Heap History (0 events):
No events

Deoptimization events (0 events):
No events

Classes redefined (0 events):
No events

Internal exceptions (0 events):
No events

Events (10 events):
Event: 0.044 loading class java/lang/Short
Event: 0.045 loading class java/lang/Short done
Event: 0.045 loading class java/lang/Integer
Event: 0.045 loading class java/lang/Integer done
Event: 0.045 loading class java/lang/Long
Event: 0.045 loading class java/lang/Long done
Event: 0.047 loading class java/lang/NullPointerException
Event: 0.047 loading class java/lang/NullPointerException done
Event: 0.047 loading class java/lang/ArithmeticException
Event: 0.047 loading class java/lang/ArithmeticException done


Dynamic libraries:
0x00007ff7c97b0000 - 0x00007ff7c97e1000 	C:\Program Files\Android\Android Studio\jre\bin\java.EXE
0x00007ffd26100000 - 0x00007ffd262f0000 	C:\WINDOWS\SYSTEM32\ntdll.dll
0x00007ffd24fb0000 - 0x00007ffd25062000 	C:\WINDOWS\System32\KERNEL32.DLL
0x00007ffd23250000 - 0x00007ffd234f5000 	C:\WINDOWS\System32\KERNELBASE.dll
0x00007ffd26010000 - 0x00007ffd260b3000 	C:\WINDOWS\System32\ADVAPI32.dll
0x00007ffd25070000 - 0x00007ffd2510e000 	C:\WINDOWS\System32\msvcrt.dll
0x00007ffd24f10000 - 0x00007ffd24fa7000 	C:\WINDOWS\System32\sechost.dll
0x00007ffd25a00000 - 0x00007ffd25b20000 	C:\WINDOWS\System32\RPCRT4.dll
0x00007ffd24d00000 - 0x00007ffd24e94000 	C:\WINDOWS\System32\USER32.dll
0x00007ffd239f0000 - 0x00007ffd23a11000 	C:\WINDOWS\System32\win32u.dll
0x00007ffd241b0000 - 0x00007ffd241d6000 	C:\WINDOWS\System32\GDI32.dll
0x00007ffd23520000 - 0x00007ffd236b6000 	C:\WINDOWS\System32\gdi32full.dll
0x00007ffd23950000 - 0x00007ffd239ee000 	C:\WINDOWS\System32\msvcp_win.dll
0x00007ffd230a0000 - 0x00007ffd2319a000 	C:\WINDOWS\System32\ucrtbase.dll
0x00007ffd108c0000 - 0x00007ffd10b44000 	C:\WINDOWS\WinSxS\amd64_microsoft.windows.common-controls_6595b64144ccf1df_6.0.18362.1256_none_9e7e379be45e40e2\COMCTL32.dll
0x00007ffd25cd0000 - 0x00007ffd26006000 	C:\WINDOWS\System32\combase.dll
0x00007ffd238c0000 - 0x00007ffd23941000 	C:\WINDOWS\System32\bcryptPrimitives.dll
0x00007ffd24240000 - 0x00007ffd2426e000 	C:\WINDOWS\System32\IMM32.DLL
0x0000000051960000 - 0x0000000051a32000 	C:\Program Files\Android\Android Studio\jre\jre\bin\msvcr100.dll
0x0000000076af0000 - 0x000000007733b000 	C:\Program Files\Android\Android Studio\jre\jre\bin\server\jvm.dll
0x00007ffd24cf0000 - 0x00007ffd24cf8000 	C:\WINDOWS\System32\PSAPI.DLL
0x00007ffd22050000 - 0x00007ffd2205a000 	C:\WINDOWS\SYSTEM32\VERSION.dll
0x00007ffd19290000 - 0x00007ffd192b4000 	C:\WINDOWS\SYSTEM32\WINMM.dll
0x00007ffcfbfb0000 - 0x00007ffcfbfb9000 	C:\WINDOWS\SYSTEM32\WSOCK32.dll
0x00007ffd19260000 - 0x00007ffd1928d000 	C:\WINDOWS\SYSTEM32\winmmbase.dll
0x00007ffd23200000 - 0x00007ffd2324a000 	C:\WINDOWS\System32\cfgmgr32.dll
0x00007ffd24ea0000 - 0x00007ffd24f0f000 	C:\WINDOWS\System32\ws2_32.DLL
0x00007ffcf9f90000 - 0x00007ffcf9f9f000 	C:\Program Files\Android\Android Studio\jre\jre\bin\verify.dll
0x00007ffcf45e0000 - 0x00007ffcf4609000 	C:\Program Files\Android\Android Studio\jre\jre\bin\java.dll
0x00007ffcf5310000 - 0x00007ffcf5326000 	C:\Program Files\Android\Android Studio\jre\jre\bin\zip.dll

VM Arguments:
java_command: <unknown>
java_class_path (initial): .
Launcher Type: SUN_STANDARD

Environment Variables:
PATH=C:\oraclexe\app\oracle\product\11.2.0\server\bin;C:\Program Files (x86)\Common Files\Oracle\Java\javapath;C:\windows\system32;C:\windows;C:\windows\System32\Wbem;C:\windows\System32\WindowsPowerShell\v1.0\;C:\Program Files (x86)\NVIDIA Corporation\PhysX\Common;C:\WINDOWS\system32;C:\WINDOWS;C:\WINDOWS\System32\Wbem;C:\WINDOWS\System32\WindowsPowerShell\v1.0\;C:\WINDOWS\System32\OpenSSH\;C:\Program Files (x86)\Intel\Intel(R) Management Engine Components\DAL;C:\Program Files\Intel\Intel(R) Management Engine Components\DAL;C:\Program Files\Intel\WiFi\bin\;C:\Program Files\Common Files\Intel\WirelessCommon\;C:\Program Files\Amazon\AWSCLIV2\;C:\Program Files\Microsoft SQL Server\Client SDK\ODBC\170\Tools\Binn\;C:\Program Files (x86)\Microsoft SQL Server\150\Tools\Binn\;C:\Program Files\Microsoft SQL Server\150\Tools\Binn\;C:\Program Files\Microsoft SQL Server\150\DTS\Binn\;C:\Program Files (x86)\Microsoft SQL Server\150\DTS\Binn\;C:\Program Files\Git\cmd;C:\Program Files\Docker\Docker\resources\bin;C:\ProgramData\DockerDesktop\version-bin;C:\Users\KIIT\AppData\Local\Programs\Python\Python37-32\Scripts\;C:\Users\KIIT\AppData\Local\Programs\Python\Python37-32\;C:\Users\KIIT\AppData\Local\Microsoft\WindowsApps;C:\Users\KIIT\AppData\Local\Programs\Microsoft VS Code\bin;C:\Program Files\Java\jre1.8.0_171\bin;C:\Program Files\Java\jdk1.8.0_171\bin;C:\Users\KIIT\AppData\Local\GitHubDesktop\bin;C:\Users\KIIT\Downloads\flutter_windows_1.17.0-stable\flutter\bin;C:\Users\KIIT\Downloads\terraform_0.12.26_windows_amd64;E:\WEB DESIGNING COURSE;;C:\Users\KIIT\Downloads\flutter_windows_1.17.0-stable\flutter\bin\mingit\cmd
USERNAME=KIIT
OS=Windows_NT
PROCESSOR_IDENTIFIER=Intel64 Family 6 Model 142 Stepping 10, GenuineIntel



---------------  S Y S T E M  ---------------

OS: Windows 10.0 , 64 bit Build 18362 (10.0.18362.1110)

CPU:total 8 (initial active 8) (4 cores per cpu, 2 threads per core) family 6 model 142 stepping 10, cmov, cx8, fxsr, mmx, sse, sse2, sse3, ssse3, sse4.1, sse4.2, popcnt, avx, avx2, aes, clmul, erms, 3dnowpref, lzcnt, ht, tsc, tscinvbit, bmi1, bmi2, adx

Memory: 4k page, physical 8277192k(812884k free), swap 18762952k(5836k free)

vm_info: OpenJDK 64-Bit Server VM (25.242-b01) for windows-amd64 JRE (1.8.0_242-release-1644-b01), built by "builder" with MS VC++ 10.0 (VS2010)

time: Mon Dec 21 20:17:34 2020
timezone: India Standard Time
elapsed time: 0 seconds (0d 0h 0m 0s)

