#
# There is insufficient memory for the Java Runtime Environment to continue.
# Native memory allocation (malloc) failed to allocate 32784 bytes for Chunk::new
# Possible reasons:
#   The system is out of physical RAM or swap space
#   The process is running with CompressedOops enabled, and the Java Heap may be blocking the growth of the native heap
# Possible solutions:
#   Reduce memory load on the system
#   Increase physical memory or swap space
#   Check if swap backing store is full
#   Decrease Java heap size (-Xmx/-Xms)
#   Decrease number of Java threads
#   Decrease Java thread stack sizes (-Xss)
#   Set larger code cache with -XX:ReservedCodeCacheSize=
#   JVM is running with Unscaled Compressed Oops mode in which the Java heap is
#     placed in the first 4GB address space. The Java Heap base address is the
#     maximum limit for the native heap growth. Please use -XX:HeapBaseMinAddress
#     to set the Java Heap base and to place the Java Heap above 4GB virtual address.
# This output file may be truncated or incomplete.
#
#  Out of Memory Error (allocation.cpp:389), pid=12196, tid=0x0000000000005760
#
# JRE version: OpenJDK Runtime Environment (8.0_242-b01) (build 1.8.0_242-release-1644-b01)
# Java VM: OpenJDK 64-Bit Server VM (25.242-b01 mixed mode windows-amd64 compressed oops)
# Failed to write core dump. Minidumps are not enabled by default on client versions of Windows
#

---------------  T H R E A D  ---------------

Current thread (0x0000000018d4d000):  JavaThread "C2 CompilerThread2" daemon [_thread_in_native, id=22368, stack(0x0000000019810000,0x0000000019910000)]

Stack: [0x0000000019810000,0x0000000019910000]
[error occurred during error reporting (printing stack bounds), id 0xc0000005]

Native frames: (J=compiled Java code, j=interpreted, Vv=VM code, C=native code)


Current CompileTask:
C2: 608182 10494       4       org.gradle.internal.io.LinePerThreadBufferingOutputStream::getStream (44 bytes)


---------------  P R O C E S S  ---------------

Java Threads: ( => current thread )
  0x000000001ee8a000 JavaThread "Exec process Thread 6" [_thread_in_native, id=25660, stack(0x0000000029820000,0x0000000029920000)]
  0x000000001ee89000 JavaThread "Exec process Thread 5" [_thread_in_native, id=8632, stack(0x0000000029720000,0x0000000029820000)]
  0x000000001ee84000 JavaThread "Exec process Thread 4" [_thread_in_native, id=15476, stack(0x0000000029620000,0x0000000029720000)]
  0x000000001ee88800 JavaThread "Cache worker for execution history cache (C:\Users\KIIT\Desktop\YurekaClone\android\.gradle\5.6.2\executionHistory)" [_thread_blocked, id=5580, stack(0x00000000269d0000,0x0000000026ad0000)]
  0x000000001ee85800 JavaThread "Execution worker for ':' Thread 7" [_thread_blocked, id=15692, stack(0x0000000029520000,0x0000000029620000)]
  0x000000001ee84800 JavaThread "Execution worker for ':' Thread 6" [_thread_blocked, id=21380, stack(0x0000000029020000,0x0000000029120000)]
  0x000000001a467000 JavaThread "Execution worker for ':' Thread 5" [_thread_blocked, id=9940, stack(0x0000000028f20000,0x0000000029020000)]
  0x000000001a469000 JavaThread "Execution worker for ':' Thread 4" [_thread_blocked, id=26924, stack(0x0000000028e20000,0x0000000028f20000)]
  0x000000001c37b800 JavaThread "Execution worker for ':' Thread 3" [_thread_blocked, id=10648, stack(0x0000000027d30000,0x0000000027e30000)]
  0x000000001c37f000 JavaThread "Execution worker for ':' Thread 2" [_thread_blocked, id=20484, stack(0x0000000027c30000,0x0000000027d30000)]
  0x000000001c37d800 JavaThread "Execution worker for ':'" [_thread_blocked, id=23956, stack(0x0000000027b30000,0x0000000027c30000)]
  0x000000001c377000 JavaThread "Cache worker for file content cache (C:\Users\KIIT\Desktop\YurekaClone\android\.gradle\5.6.2\fileContent)" [_thread_blocked, id=23196, stack(0x00000000268d0000,0x00000000269d0000)]
  0x000000001c37c800 JavaThread "Cache worker for Build Output Cleanup Cache (C:\Users\KIIT\Desktop\YurekaClone\android\.gradle\buildOutputCleanup)" [_thread_blocked, id=24200, stack(0x00000000263d0000,0x00000000264d0000)]
  0x000000001c375000 JavaThread "pool-2-thread-1" [_thread_blocked, id=25424, stack(0x00000000240c0000,0x00000000241c0000)]
  0x000000001c37b000 JavaThread "Build operations Thread 8" [_thread_blocked, id=18920, stack(0x0000000023dc0000,0x0000000023ec0000)]
  0x000000001c376800 JavaThread "Build operations Thread 7" [_thread_blocked, id=22032, stack(0x00000000238c0000,0x00000000239c0000)]
  0x000000001c373800 JavaThread "Build operations Thread 6" [_thread_blocked, id=18596, stack(0x00000000237c0000,0x00000000238c0000)]
  0x000000001c375800 JavaThread "Build operations Thread 5" [_thread_blocked, id=18280, stack(0x00000000236c0000,0x00000000237c0000)]
  0x000000001c374000 JavaThread "Build operations Thread 4" [_thread_blocked, id=27632, stack(0x00000000235c0000,0x00000000236c0000)]
  0x000000001c37a000 JavaThread "Build operations Thread 3" [_thread_blocked, id=26824, stack(0x00000000234c0000,0x00000000235c0000)]
  0x0000000027530800 JavaThread "Build operations Thread 2" [_thread_blocked, id=10736, stack(0x00000000233c0000,0x00000000234c0000)]
  0x0000000027532800 JavaThread "Build operations" [_thread_blocked, id=16792, stack(0x0000000020270000,0x0000000020370000)]
  0x0000000027536800 JavaThread "Cache worker for cache directory md-rule (C:\Users\KIIT\.gradle\caches\5.6.2\md-rule)" [_thread_blocked, id=24208, stack(0x0000000020170000,0x0000000020270000)]
  0x0000000027537000 JavaThread "Cache worker for cache directory md-supplier (C:\Users\KIIT\.gradle\caches\5.6.2\md-supplier)" [_thread_blocked, id=26596, stack(0x000000001fdd0000,0x000000001fed0000)]
  0x0000000027534000 JavaThread "Cache worker for file hash cache (C:\Users\KIIT\Desktop\YurekaClone\android\.gradle\5.6.2\fileHashes)" [_thread_blocked, id=2356, stack(0x000000001d130000,0x000000001d230000)]
  0x0000000027532000 JavaThread "Thread-45" [_thread_blocked, id=25796, stack(0x000000001d030000,0x000000001d130000)]
  0x0000000027533800 JavaThread "Stdin handler" [_thread_blocked, id=7080, stack(0x000000001cf30000,0x000000001d030000)]
  0x0000000027535800 JavaThread "Asynchronous log dispatcher for DefaultDaemonConnection: socket connection from /127.0.0.1:55266 to /127.0.0.1:55949" [_thread_blocked, id=1740, stack(0x000000001ce30000,0x000000001cf30000)]
  0x0000000027531000 JavaThread "Daemon worker Thread 2" [_thread_blocked, id=10188, stack(0x000000001cd30000,0x000000001ce30000)]
  0x0000000027529000 JavaThread "Cancel handler" [_thread_blocked, id=16936, stack(0x0000000001510000,0x0000000001610000)]
  0x000000002752f800 JavaThread "Handler for socket connection from /127.0.0.1:55266 to /127.0.0.1:55949" [_thread_in_native, id=27272, stack(0x0000000001410000,0x0000000001510000)]
  0x0000000027528000 JavaThread "Daemon Thread 2" [_thread_blocked, id=8428, stack(0x0000000001310000,0x0000000001410000)]
  0x000000002752c000 JavaThread "Cache worker for file content cache (C:\Users\KIIT\.gradle\caches\5.6.2\fileContent)" [_thread_blocked, id=25644, stack(0x00000000262d0000,0x00000000263d0000)]
  0x000000001c37e000 JavaThread "Memory manager" [_thread_blocked, id=26644, stack(0x0000000025990000,0x0000000025a90000)]
  0x000000001c379800 JavaThread "Cache worker for execution history cache (C:\Users\KIIT\.gradle\caches\5.6.2\executionHistory)" [_thread_blocked, id=11696, stack(0x0000000021a10000,0x0000000021b10000)]
  0x000000001a468800 JavaThread "Cache worker for journal cache (C:\Users\KIIT\.gradle\caches\journal-1)" [_thread_blocked, id=23076, stack(0x000000001d930000,0x000000001da30000)]
  0x000000001a46c000 JavaThread "File lock request listener" [_thread_in_native, id=7892, stack(0x000000001d830000,0x000000001d930000)]
  0x000000001a46a800 JavaThread "Cache worker for file hash cache (C:\Users\KIIT\.gradle\caches\5.6.2\fileHashes)" [_thread_blocked, id=22396, stack(0x000000001d730000,0x000000001d830000)]
  0x000000001b5b2000 JavaThread "Daemon periodic checks" [_thread_blocked, id=12052, stack(0x000000001cc30000,0x000000001cd30000)]
  0x000000001b5af800 JavaThread "Incoming local TCP Connector on port 55266" [_thread_in_native, id=13944, stack(0x000000001c9f0000,0x000000001caf0000)]
  0x000000001b513800 JavaThread "Daemon health stats" [_thread_blocked, id=11996, stack(0x000000001c3b0000,0x000000001c4b0000)]
  0x0000000018dd5800 JavaThread "Service Thread" daemon [_thread_blocked, id=10500, stack(0x0000000019a10000,0x0000000019b10000)]
  0x0000000018d56000 JavaThread "C1 CompilerThread3" daemon [_thread_blocked, id=12464, stack(0x0000000019910000,0x0000000019a10000)]
=>0x0000000018d4d000 JavaThread "C2 CompilerThread2" daemon [_thread_in_native, id=22368, stack(0x0000000019810000,0x0000000019910000)]
  0x0000000018d4c000 JavaThread "C2 CompilerThread1" daemon [_thread_in_native, id=23388, stack(0x0000000019710000,0x0000000019810000)]
  0x0000000018d49800 JavaThread "C2 CompilerThread0" daemon [_thread_in_native, id=10260, stack(0x0000000019610000,0x0000000019710000)]
  0x0000000018d46000 JavaThread "Attach Listener" daemon [_thread_blocked, id=15416, stack(0x0000000019510000,0x0000000019610000)]
  0x0000000016f5e000 JavaThread "Signal Dispatcher" daemon [_thread_blocked, id=25308, stack(0x0000000019410000,0x0000000019510000)]
  0x0000000018d30800 JavaThread "Finalizer" daemon [_thread_blocked, id=9008, stack(0x0000000019210000,0x0000000019310000)]
  0x0000000003189000 JavaThread "Reference Handler" daemon [_thread_blocked, id=25460, stack(0x0000000019110000,0x0000000019210000)]
  0x000000000308e800 JavaThread "main" [_thread_blocked, id=16136, stack(0x0000000002f70000,0x0000000003070000)]

Other Threads:
  0x0000000016f46800 VMThread [stack: 0x0000000018c10000,0x0000000018d10000] [id=10896]
  0x0000000018dd7000 WatcherThread [stack: 0x0000000019b10000,0x0000000019c10000] [id=24996]

VM state:not at safepoint (normal execution)

VM Mutex/Monitor currently owned by a thread: None

heap address: 0x00000000a0000000, size: 1536 MB, Compressed Oops mode: 32-bit
Narrow klass base: 0x0000000000000000, Narrow klass shift: 3
Compressed class space size: 1073741824 Address: 0x0000000100000000

Heap:
 PSYoungGen      total 216576K, used 49094K [0x00000000e0000000, 0x00000000eff00000, 0x0000000100000000)
  eden space 190976K, 12% used [0x00000000e0000000,0x00000000e16f69f8,0x00000000eba80000)
  from space 25600K, 99% used [0x00000000edb80000,0x00000000ef47af28,0x00000000ef480000)
  to   space 33792K, 0% used [0x00000000eba80000,0x00000000eba80000,0x00000000edb80000)
 ParOldGen       total 140800K, used 49916K [0x00000000a0000000, 0x00000000a8980000, 0x00000000e0000000)
  object space 140800K, 35% used [0x00000000a0000000,0x00000000a30bf348,0x00000000a8980000)
 Metaspace       used 69060K, capacity 72322K, committed 72488K, reserved 1112064K
  class space    used 9223K, capacity 9966K, committed 10024K, reserved 1048576K

Card table byte_map: [0x0000000012550000,0x0000000012860000] byte_map_base: 0x0000000012050000

Marking Bits: (ParMarkBitMap*) 0x0000000074cdf030
 Begin Bits: [0x0000000013260000, 0x0000000014a60000)
 End Bits:   [0x0000000014a60000, 0x0000000016260000)

Polling page: 0x00000000016f0000

CodeCache: size=245760Kb used=28822Kb max_used=28835Kb free=216937Kb
 bounds [0x0000000003190000, 0x0000000004de0000, 0x0000000012190000]
 total_blobs=9997 nmethods=9192 adapters=717
 compilation: enabled

Compilation events (10 events):
Event: 608.144 Thread 0x0000000018d4c000 10492       4       java.io.FilterOutputStream::write (9 bytes)
Event: 608.148 Thread 0x0000000018d49800 10493       4       org.gradle.internal.io.LinePerThreadBufferingOutputStream::write (9 bytes)
Event: 608.148 Thread 0x0000000018d56000 10496       3       org.gradle.internal.logging.events.StyledTextOutputEvent::<init> (24 bytes)
Event: 608.149 Thread 0x0000000018d56000 nmethod 10496 0x0000000004dd3750 code [0x0000000004dd38e0, 0x0000000004dd3cc8]
Event: 608.160 Thread 0x0000000018d56000 10497       3       org.gradle.internal.operations.logging.LoggingBuildOperationProgressBroadcaster::emit (23 bytes)
Event: 608.161 Thread 0x0000000018d56000 nmethod 10497 0x0000000004dd2fd0 code [0x0000000004dd3160, 0x0000000004dd3588]
Event: 608.161 Thread 0x0000000018d56000 10498       3       org.gradle.internal.operations.DefaultBuildOperationListenerManager$1::progress (47 bytes)
Event: 608.162 Thread 0x0000000018d56000 nmethod 10498 0x0000000004dd2690 code [0x0000000004dd2840, 0x0000000004dd2de8]
Event: 608.165 Thread 0x0000000018d4d000 nmethod 10491 0x0000000004dd5e10 code [0x0000000004dd5fa0, 0x0000000004dd67a8]
Event: 608.165 Thread 0x0000000018d4d000 10494       4       org.gradle.internal.io.LinePerThreadBufferingOutputStream::getStream (44 bytes)

GC Heap History (10 events):
Event: 11.597 GC heap before
{Heap before GC invocations=13 (full 2):
 PSYoungGen      total 150016K, used 149925K [0x00000000e0000000, 0x00000000ea980000, 0x0000000100000000)
  eden space 136704K, 100% used [0x00000000e0000000,0x00000000e8580000,0x00000000e8580000)
  from space 13312K, 99% used [0x00000000e9c80000,0x00000000ea969768,0x00000000ea980000)
  to   space 14848K, 0% used [0x00000000e8c80000,0x00000000e8c80000,0x00000000e9b00000)
 ParOldGen       total 89600K, used 18441K [0x00000000a0000000, 0x00000000a5780000, 0x00000000e0000000)
  object space 89600K, 20% used [0x00000000a0000000,0x00000000a12026a0,0x00000000a5780000)
 Metaspace       used 52797K, capacity 54242K, committed 54568K, reserved 1095680K
  class space    used 7184K, capacity 7597K, committed 7720K, reserved 1048576K
Event: 11.621 GC heap after
Heap after GC invocations=13 (full 2):
 PSYoungGen      total 158720K, used 14825K [0x00000000e0000000, 0x00000000ece80000, 0x0000000100000000)
  eden space 143872K, 0% used [0x00000000e0000000,0x00000000e0000000,0x00000000e8c80000)
  from space 14848K, 99% used [0x00000000e8c80000,0x00000000e9afa4c0,0x00000000e9b00000)
  to   space 18432K, 0% used [0x00000000ebc80000,0x00000000ebc80000,0x00000000ece80000)
 ParOldGen       total 89600K, used 23331K [0x00000000a0000000, 0x00000000a5780000, 0x00000000e0000000)
  object space 89600K, 26% used [0x00000000a0000000,0x00000000a16c8e68,0x00000000a5780000)
 Metaspace       used 52797K, capacity 54242K, committed 54568K, reserved 1095680K
  class space    used 7184K, capacity 7597K, committed 7720K, reserved 1048576K
}
Event: 13.434 GC heap before
{Heap before GC invocations=14 (full 2):
 PSYoungGen      total 158720K, used 126981K [0x00000000e0000000, 0x00000000ece80000, 0x0000000100000000)
  eden space 143872K, 77% used [0x00000000e0000000,0x00000000e6d87080,0x00000000e8c80000)
  from space 14848K, 99% used [0x00000000e8c80000,0x00000000e9afa4c0,0x00000000e9b00000)
  to   space 18432K, 0% used [0x00000000ebc80000,0x00000000ebc80000,0x00000000ece80000)
 ParOldGen       total 89600K, used 23331K [0x00000000a0000000, 0x00000000a5780000, 0x00000000e0000000)
  object space 89600K, 26% used [0x00000000a0000000,0x00000000a16c8e68,0x00000000a5780000)
 Metaspace       used 57167K, capacity 59066K, committed 59160K, reserved 1099776K
  class space    used 7788K, capacity 8326K, committed 8360K, reserved 1048576K
Event: 13.497 GC heap after
Heap after GC invocations=14 (full 2):
 PSYoungGen      total 188416K, used 18428K [0x00000000e0000000, 0x00000000ee800000, 0x0000000100000000)
  eden space 169984K, 0% used [0x00000000e0000000,0x00000000e0000000,0x00000000ea600000)
  from space 18432K, 99% used [0x00000000ebc80000,0x00000000ece7f2a8,0x00000000ece80000)
  to   space 23040K, 0% used [0x00000000ea600000,0x00000000ea600000,0x00000000ebc80000)
 ParOldGen       total 89600K, used 29183K [0x00000000a0000000, 0x00000000a5780000, 0x00000000e0000000)
  object space 89600K, 32% used [0x00000000a0000000,0x00000000a1c7ffa8,0x00000000a5780000)
 Metaspace       used 57167K, capacity 59066K, committed 59160K, reserved 1099776K
  class space    used 7788K, capacity 8326K, committed 8360K, reserved 1048576K
}
Event: 13.497 GC heap before
{Heap before GC invocations=15 (full 3):
 PSYoungGen      total 188416K, used 18428K [0x00000000e0000000, 0x00000000ee800000, 0x0000000100000000)
  eden space 169984K, 0% used [0x00000000e0000000,0x00000000e0000000,0x00000000ea600000)
  from space 18432K, 99% used [0x00000000ebc80000,0x00000000ece7f2a8,0x00000000ece80000)
  to   space 23040K, 0% used [0x00000000ea600000,0x00000000ea600000,0x00000000ebc80000)
 ParOldGen       total 89600K, used 29183K [0x00000000a0000000, 0x00000000a5780000, 0x00000000e0000000)
  object space 89600K, 32% used [0x00000000a0000000,0x00000000a1c7ffa8,0x00000000a5780000)
 Metaspace       used 57167K, capacity 59066K, committed 59160K, reserved 1099776K
  class space    used 7788K, capacity 8326K, committed 8360K, reserved 1048576K
Event: 14.033 GC heap after
Heap after GC invocations=15 (full 3):
 PSYoungGen      total 188416K, used 0K [0x00000000e0000000, 0x00000000ee800000, 0x0000000100000000)
  eden space 169984K, 0% used [0x00000000e0000000,0x00000000e0000000,0x00000000ea600000)
  from space 18432K, 0% used [0x00000000ebc80000,0x00000000ebc80000,0x00000000ece80000)
  to   space 23040K, 0% used [0x00000000ea600000,0x00000000ea600000,0x00000000ebc80000)
 ParOldGen       total 140800K, used 38744K [0x00000000a0000000, 0x00000000a8980000, 0x00000000e0000000)
  object space 140800K, 27% used [0x00000000a0000000,0x00000000a25d6040,0x00000000a8980000)
 Metaspace       used 57167K, capacity 59066K, committed 59160K, reserved 1099776K
  class space    used 7788K, capacity 8326K, committed 8360K, reserved 1048576K
}
Event: 18.376 GC heap before
{Heap before GC invocations=16 (full 3):
 PSYoungGen      total 188416K, used 169984K [0x00000000e0000000, 0x00000000ee800000, 0x0000000100000000)
  eden space 169984K, 100% used [0x00000000e0000000,0x00000000ea600000,0x00000000ea600000)
  from space 18432K, 0% used [0x00000000ebc80000,0x00000000ebc80000,0x00000000ece80000)
  to   space 23040K, 0% used [0x00000000ea600000,0x00000000ea600000,0x00000000ebc80000)
 ParOldGen       total 140800K, used 38744K [0x00000000a0000000, 0x00000000a8980000, 0x00000000e0000000)
  object space 140800K, 27% used [0x00000000a0000000,0x00000000a25d6040,0x00000000a8980000)
 Metaspace       used 64054K, capacity 66940K, committed 67112K, reserved 1107968K
  class space    used 8808K, capacity 9504K, committed 9512K, reserved 1048576K
Event: 18.401 GC heap after
Heap after GC invocations=16 (full 3):
 PSYoungGen      total 193024K, used 20756K [0x00000000e0000000, 0x00000000ef480000, 0x0000000100000000)
  eden space 169984K, 0% used [0x00000000e0000000,0x00000000e0000000,0x00000000ea600000)
  from space 23040K, 90% used [0x00000000ea600000,0x00000000eba45170,0x00000000ebc80000)
  to   space 25600K, 0% used [0x00000000edb80000,0x00000000edb80000,0x00000000ef480000)
 ParOldGen       total 140800K, used 38752K [0x00000000a0000000, 0x00000000a8980000, 0x00000000e0000000)
  object space 140800K, 27% used [0x00000000a0000000,0x00000000a25d8040,0x00000000a8980000)
 Metaspace       used 64054K, capacity 66940K, committed 67112K, reserved 1107968K
  class space    used 8808K, capacity 9504K, committed 9512K, reserved 1048576K
}
Event: 599.789 GC heap before
{Heap before GC invocations=17 (full 3):
 PSYoungGen      total 193024K, used 190740K [0x00000000e0000000, 0x00000000ef480000, 0x0000000100000000)
  eden space 169984K, 100% used [0x00000000e0000000,0x00000000ea600000,0x00000000ea600000)
  from space 23040K, 90% used [0x00000000ea600000,0x00000000eba45170,0x00000000ebc80000)
  to   space 25600K, 0% used [0x00000000edb80000,0x00000000edb80000,0x00000000ef480000)
 ParOldGen       total 140800K, used 38752K [0x00000000a0000000, 0x00000000a8980000, 0x00000000e0000000)
  object space 140800K, 27% used [0x00000000a0000000,0x00000000a25d8040,0x00000000a8980000)
 Metaspace       used 69034K, capacity 72252K, committed 72488K, reserved 1112064K
  class space    used 9222K, capacity 9965K, committed 10024K, reserved 1048576K
Event: 599.927 GC heap after
Heap after GC invocations=17 (full 3):
 PSYoungGen      total 216576K, used 25579K [0x00000000e0000000, 0x00000000eff00000, 0x0000000100000000)
  eden space 190976K, 0% used [0x00000000e0000000,0x00000000e0000000,0x00000000eba80000)
  from space 25600K, 99% used [0x00000000edb80000,0x00000000ef47af28,0x00000000ef480000)
  to   space 33792K, 0% used [0x00000000eba80000,0x00000000eba80000,0x00000000edb80000)
 ParOldGen       total 140800K, used 49916K [0x00000000a0000000, 0x00000000a8980000, 0x00000000e0000000)
  object space 140800K, 35% used [0x00000000a0000000,0x00000000a30bf348,0x00000000a8980000)
 Metaspace       used 69034K, capacity 72252K, committed 72488K, reserved 1112064K
  class space    used 9222K, capacity 9965K, committed 10024K, reserved 1048576K
}

Deoptimization events (10 events):
Event: 599.708 Thread 0x0000000027531000 Uncommon trap: reason=unstable_if action=reinterpret pc=0x0000000003c4c7c0 method=org.gradle.internal.service.DefaultServiceRegistry$ManagedObjectServiceProvider.getInstance()Ljava/lang/Object; @ 19
Event: 599.712 Thread 0x000000001ee84800 Uncommon trap: reason=unstable_if action=reinterpret pc=0x00000000047cfed8 method=java.util.concurrent.ConcurrentLinkedQueue.updateHead(Ljava/util/concurrent/ConcurrentLinkedQueue$Node;Ljava/util/concurrent/ConcurrentLinkedQueue$Node;)V @ 11
Event: 599.784 Thread 0x000000001c37d800 Uncommon trap: reason=unstable_if action=reinterpret pc=0x0000000004a1dc98 method=java.util.concurrent.ConcurrentLinkedQueue.offer(Ljava/lang/Object;)Z @ 40
Event: 599.928 Thread 0x000000001ee85800 Uncommon trap: reason=unstable_if action=reinterpret pc=0x0000000003ca1718 method=com.google.common.collect.MapMakerInternalMap$Segment.getEntry(Ljava/lang/Object;I)Lcom/google/common/collect/MapMakerInternalMap$InternalEntry; @ 40
Event: 599.928 Thread 0x0000000003189000 Uncommon trap: reason=unstable_if action=reinterpret pc=0x00000000040fc8b8 method=java.lang.ref.Reference.tryHandlePending(Z)Z @ 20
Event: 599.929 Thread 0x000000001c37d800 Uncommon trap: reason=unstable_if action=reinterpret pc=0x0000000004a69b68 method=com.google.common.collect.MapMakerInternalMap$Segment.getEntry(Ljava/lang/Object;I)Lcom/google/common/collect/MapMakerInternalMap$InternalEntry; @ 40
Event: 599.929 Thread 0x000000001c37d800 Uncommon trap: reason=unstable_if action=reinterpret pc=0x000000000369dad8 method=com.google.common.collect.MapMakerInternalMap$Segment.put(Ljava/lang/Object;ILjava/lang/Object;Z)Ljava/lang/Object; @ 92
Event: 599.930 Thread 0x000000001ee85800 Uncommon trap: reason=unstable_if action=reinterpret pc=0x000000000369dad8 method=com.google.common.collect.MapMakerInternalMap$Segment.put(Ljava/lang/Object;ILjava/lang/Object;Z)Ljava/lang/Object; @ 92
Event: 599.940 Thread 0x000000001ee85800 Uncommon trap: reason=unstable_if action=reinterpret pc=0x0000000003c91ce0 method=com.google.common.collect.MapMakerInternalMap$Segment.drainKeyReferenceQueue(Ljava/lang/ref/ReferenceQueue;)V @ 8
Event: 599.940 Thread 0x000000001a467000 Uncommon trap: reason=unstable_if action=reinterpret pc=0x0000000003c91ce0 method=com.google.common.collect.MapMakerInternalMap$Segment.drainKeyReferenceQueue(Ljava/lang/ref/ReferenceQueue;)V @ 8

Classes redefined (0 events):
No events

Internal exceptions (10 events):
Event: 33.376 Thread 0x000000001b616800 Exception <a 'java/lang/NoSuchMethodError': <clinit>> (0x00000000e33546c8) thrown at [C:\src\AOSP-openjdk-git\hotspot\src\share\vm\prims\jni.cpp, line 1615]
Event: 33.376 Thread 0x000000001b616800 Exception <a 'java/lang/NoSuchMethodError': <clinit>> (0x00000000e3364828) thrown at [C:\src\AOSP-openjdk-git\hotspot\src\share\vm\prims\jni.cpp, line 1615]
Event: 33.377 Thread 0x000000001b616800 Exception <a 'java/lang/NoSuchMethodError': <clinit>> (0x00000000e336fbd8) thrown at [C:\src\AOSP-openjdk-git\hotspot\src\share\vm\prims\jni.cpp, line 1615]
Event: 596.989 Thread 0x0000000027531000 Implicit null exception at 0x0000000003365a2a to 0x0000000003367591
Event: 597.056 Thread 0x0000000027531000 Implicit null exception at 0x00000000044f50b4 to 0x00000000044f5439
Event: 597.056 Thread 0x0000000027531000 Implicit null exception at 0x0000000004621ba5 to 0x00000000046223d9
Event: 597.057 Thread 0x0000000027531000 Implicit null exception at 0x00000000049b9454 to 0x00000000049b9649
Event: 597.060 Thread 0x0000000027531000 Implicit null exception at 0x000000000499b22f to 0x000000000499b2b6
Event: 597.477 Thread 0x0000000027531000 Exception <a 'sun/nio/fs/WindowsException'> (0x00000000e53c35f8) thrown at [C:\src\AOSP-openjdk-git\hotspot\src\share\vm\prims\jni.cpp, line 710]
Event: 597.996 Thread 0x0000000027531000 Implicit null exception at 0x0000000004ae0ea3 to 0x0000000004ae0fdd

Events (10 events):
Event: 600.337 Executing VM operation: RevokeBias done
Event: 600.344 Executing VM operation: RevokeBias
Event: 600.344 Executing VM operation: RevokeBias done
Event: 600.344 Executing VM operation: RevokeBias
Event: 600.344 Executing VM operation: RevokeBias done
Event: 600.351 Thread 0x000000001ee84000 Thread added: 0x000000001ee84000
Event: 600.359 Executing VM operation: RevokeBias
Event: 600.359 Executing VM operation: RevokeBias done
Event: 600.385 Thread 0x000000001ee89000 Thread added: 0x000000001ee89000
Event: 600.385 Thread 0x000000001ee8a000 Thread added: 0x000000001ee8a000


Dynamic libraries:
0x00007ff6b6c40000 - 0x00007ff6b6c71000 	C:\Program Files\Android\Android Studio\jre\bin\java.exe
0x00007fff5b520000 - 0x00007fff5b710000 	C:\WINDOWS\SYSTEM32\ntdll.dll
0x00007fff5ab70000 - 0x00007fff5ac22000 	C:\WINDOWS\System32\KERNEL32.DLL
0x00007fff58720000 - 0x00007fff589c5000 	C:\WINDOWS\System32\KERNELBASE.dll
0x00007fff5ac30000 - 0x00007fff5acd3000 	C:\WINDOWS\System32\ADVAPI32.dll
0x00007fff5b060000 - 0x00007fff5b0fe000 	C:\WINDOWS\System32\msvcrt.dll
0x00007fff5ace0000 - 0x00007fff5ad77000 	C:\WINDOWS\System32\sechost.dll
0x00007fff5a860000 - 0x00007fff5a97f000 	C:\WINDOWS\System32\RPCRT4.dll
0x00007fff5a200000 - 0x00007fff5a394000 	C:\WINDOWS\System32\USER32.dll
0x00007fff586f0000 - 0x00007fff58711000 	C:\WINDOWS\System32\win32u.dll
0x00007fff5b300000 - 0x00007fff5b326000 	C:\WINDOWS\System32\GDI32.dll
0x00007fff59400000 - 0x00007fff59598000 	C:\WINDOWS\System32\gdi32full.dll
0x00007fff59300000 - 0x00007fff5939e000 	C:\WINDOWS\System32\msvcp_win.dll
0x00007fff585f0000 - 0x00007fff586ea000 	C:\WINDOWS\System32\ucrtbase.dll
0x00007fff45390000 - 0x00007fff45614000 	C:\WINDOWS\WinSxS\amd64_microsoft.windows.common-controls_6595b64144ccf1df_6.0.18362.1379_none_9e7ff3b3e45cc0c4\COMCTL32.dll
0x00007fff5a520000 - 0x00007fff5a857000 	C:\WINDOWS\System32\combase.dll
0x00007fff591a0000 - 0x00007fff59221000 	C:\WINDOWS\System32\bcryptPrimitives.dll
0x00007fff5b110000 - 0x00007fff5b13e000 	C:\WINDOWS\System32\IMM32.DLL
0x0000000075e10000 - 0x0000000075ee2000 	C:\Program Files\Android\Android Studio\jre\jre\bin\msvcr100.dll
0x0000000074510000 - 0x0000000074d5b000 	C:\Program Files\Android\Android Studio\jre\jre\bin\server\jvm.dll
0x00007fff5b140000 - 0x00007fff5b148000 	C:\WINDOWS\System32\PSAPI.DLL
0x00007fff40250000 - 0x00007fff40259000 	C:\WINDOWS\SYSTEM32\WSOCK32.dll
0x00007fff54000000 - 0x00007fff54024000 	C:\WINDOWS\SYSTEM32\WINMM.dll
0x00007fff57480000 - 0x00007fff5748a000 	C:\WINDOWS\SYSTEM32\VERSION.dll
0x00007fff5b330000 - 0x00007fff5b39f000 	C:\WINDOWS\System32\WS2_32.dll
0x00007fff53fb0000 - 0x00007fff53fdd000 	C:\WINDOWS\SYSTEM32\WINMMBASE.dll
0x00007fff59150000 - 0x00007fff5919a000 	C:\WINDOWS\System32\cfgmgr32.dll
0x00007fff4d080000 - 0x00007fff4d08f000 	C:\Program Files\Android\Android Studio\jre\jre\bin\verify.dll
0x00007fff329a0000 - 0x00007fff329c9000 	C:\Program Files\Android\Android Studio\jre\jre\bin\java.dll
0x00007fff4d060000 - 0x00007fff4d076000 	C:\Program Files\Android\Android Studio\jre\jre\bin\zip.dll
0x00007fff595d0000 - 0x00007fff59cb8000 	C:\WINDOWS\System32\SHELL32.dll
0x00007fff5a470000 - 0x00007fff5a517000 	C:\WINDOWS\System32\shcore.dll
0x00007fff589d0000 - 0x00007fff5914b000 	C:\WINDOWS\System32\windows.storage.dll
0x00007fff583e0000 - 0x00007fff58403000 	C:\WINDOWS\System32\profapi.dll
0x00007fff58410000 - 0x00007fff5845a000 	C:\WINDOWS\System32\powrprof.dll
0x00007fff583d0000 - 0x00007fff583e0000 	C:\WINDOWS\System32\UMPDC.dll
0x00007fff5aa30000 - 0x00007fff5aa82000 	C:\WINDOWS\System32\shlwapi.dll
0x00007fff58460000 - 0x00007fff58471000 	C:\WINDOWS\System32\kernel.appcore.dll
0x00007fff59230000 - 0x00007fff59247000 	C:\WINDOWS\System32\cryptsp.dll
0x00007fff46330000 - 0x00007fff4634a000 	C:\Program Files\Android\Android Studio\jre\jre\bin\net.dll
0x00007fff57be0000 - 0x00007fff57c47000 	C:\WINDOWS\system32\mswsock.dll
0x00007fff41d10000 - 0x00007fff41d23000 	C:\Program Files\Android\Android Studio\jre\jre\bin\nio.dll
0x00007fff2f9d0000 - 0x00007fff2f9f6000 	C:\Users\KIIT\.gradle\native\30\windows-amd64\native-platform.dll
0x00007fff41ba0000 - 0x00007fff41bad000 	C:\Program Files\Android\Android Studio\jre\jre\bin\management.dll
0x00007fff57750000 - 0x00007fff57783000 	C:\WINDOWS\system32\rsaenh.dll
0x00007fff595a0000 - 0x00007fff595c6000 	C:\WINDOWS\System32\bcrypt.dll
0x00007fff582f0000 - 0x00007fff58315000 	C:\WINDOWS\SYSTEM32\USERENV.dll
0x00007fff57de0000 - 0x00007fff57dec000 	C:\WINDOWS\SYSTEM32\CRYPTBASE.dll
0x00007fff578f0000 - 0x00007fff5792a000 	C:\WINDOWS\SYSTEM32\IPHLPAPI.DLL
0x00007fff5b100000 - 0x00007fff5b108000 	C:\WINDOWS\System32\NSI.dll
0x00007fff53830000 - 0x00007fff53846000 	C:\WINDOWS\SYSTEM32\dhcpcsvc6.DLL
0x00007fff53800000 - 0x00007fff5381c000 	C:\WINDOWS\SYSTEM32\dhcpcsvc.DLL
0x00007fff57930000 - 0x00007fff579fb000 	C:\WINDOWS\SYSTEM32\DNSAPI.dll
0x00007fff55cd0000 - 0x00007fff55d5f000 	C:\WINDOWS\system32\apphelp.dll

VM Arguments:
jvm_args: -Xmx1536M -Dfile.encoding=windows-1252 -Duser.country=IN -Duser.language=en -Duser.variant 
java_command: org.gradle.launcher.daemon.bootstrap.GradleDaemon 5.6.2
java_class_path (initial): C:\Users\KIIT\.gradle\wrapper\dists\gradle-5.6.2-all\9st6wgf78h16so49nn74lgtbb\gradle-5.6.2\lib\gradle-launcher-5.6.2.jar
Launcher Type: SUN_STANDARD

Environment Variables:
JAVA_HOME=C:\Program Files\Android\Android Studio\jre
CLASSPATH=C:\Users\KIIT\Desktop\YurekaClone\android\\gradle\wrapper\gradle-wrapper.jar
PATH=C:\oraclexe\app\oracle\product\11.2.0\server\bin;C:\Program Files (x86)\Common Files\Oracle\Java\javapath;C:\windows\system32;C:\windows;C:\windows\System32\Wbem;C:\windows\System32\WindowsPowerShell\v1.0\;C:\Program Files (x86)\NVIDIA Corporation\PhysX\Common;C:\WINDOWS\system32;C:\WINDOWS;C:\WINDOWS\System32\Wbem;C:\WINDOWS\System32\WindowsPowerShell\v1.0\;C:\WINDOWS\System32\OpenSSH\;C:\Program Files (x86)\Intel\Intel(R) Management Engine Components\DAL;C:\Program Files\Intel\Intel(R) Management Engine Components\DAL;C:\Program Files\Intel\WiFi\bin\;C:\Program Files\Common Files\Intel\WirelessCommon\;C:\Program Files\Amazon\AWSCLIV2\;C:\Program Files\Microsoft SQL Server\Client SDK\ODBC\170\Tools\Binn\;C:\Program Files (x86)\Microsoft SQL Server\150\Tools\Binn\;C:\Program Files\Microsoft SQL Server\150\Tools\Binn\;C:\Program Files\Microsoft SQL Server\150\DTS\Binn\;C:\Program Files (x86)\Microsoft SQL Server\150\DTS\Binn\;C:\Program Files\Git\cmd;C:\Users\KIIT\AppData\Local\Programs\Python\Python37-32\Scripts\;C:\Users\KIIT\AppData\Local\Programs\Python\Python37-32\;C:\Users\KIIT\AppData\Local\Microsoft\WindowsApps;C:\Users\KIIT\AppData\Local\Programs\Microsoft VS Code\bin;C:\Program Files\Java\jre1.8.0_171\bin;C:\Program Files\Java\jdk1.8.0_171\bin;C:\Users\KIIT\AppData\Local\GitHubDesktop\bin;C:\Users\KIIT\Downloads\flutter_windows_1.17.0-stable\flutter\bin;C:\Users\KIIT\Downloads\terraform_0.12.26_windows_amd64;E:\WEB DESIGNING COURSE;;C:\Users\KIIT\Downloads\flutter_windows_1.17.0-stable\flutter\bin\mingit\cmd
USERNAME=KIIT
OS=Windows_NT
PROCESSOR_IDENTIFIER=Intel64 Family 6 Model 142 Stepping 10, GenuineIntel



---------------  S Y S T E M  ---------------

OS: Windows 10.0 , 64 bit Build 18362 (10.0.18362.1350)

CPU:total 8 (initial active 8) (4 cores per cpu, 2 threads per core) family 6 model 142 stepping 10, cmov, cx8, fxsr, mmx, sse, sse2, sse3, ssse3, sse4.1, sse4.2, popcnt, avx, avx2, aes, clmul, erms, 3dnowpref, lzcnt, ht, tsc, tscinvbit, bmi1, bmi2, adx

Memory: 4k page, physical 8277192k(316336k free), swap 18762952k(3064k free)

vm_info: OpenJDK 64-Bit Server VM (25.242-b01) for windows-amd64 JRE (1.8.0_242-release-1644-b01), built by "builder" with MS VC++ 10.0 (VS2010)

time: Fri Mar 05 10:09:07 2021
timezone: India Standard Time
elapsed time: 608 seconds (0d 0h 10m 8s)

