#
# There is insufficient memory for the Java Runtime Environment to continue.
# Native memory allocation (malloc) failed to allocate 32744 bytes for ChunkPool::allocate
# Possible reasons:
#   The system is out of physical RAM or swap space
#   The process is running with CompressedOops enabled, and the Java Heap may be blocking the growth of the native heap
# Possible solutions:
#   Reduce memory load on the system
#   Increase physical memory or swap space
#   Check if swap backing store is full
#   Decrease Java heap size (-Xmx/-Xms)
#   Decrease number of Java threads
#   Decrease Java thread stack sizes (-Xss)
#   Set larger code cache with -XX:ReservedCodeCacheSize=
#   JVM is running with Unscaled Compressed Oops mode in which the Java heap is
#     placed in the first 4GB address space. The Java Heap base address is the
#     maximum limit for the native heap growth. Please use -XX:HeapBaseMinAddress
#     to set the Java Heap base and to place the Java Heap above 4GB virtual address.
# This output file may be truncated or incomplete.
#
#  Out of Memory Error (t:/workspace/open/src/hotspot/share/memory/arena.cpp:82), pid=18828, tid=23452
#
# JRE version: Java(TM) SE Runtime Environment (10.0.2+13) (build 10.0.2+13)
# Java VM: Java HotSpot(TM) 64-Bit Server VM (10.0.2+13, mixed mode, tiered, compressed oops, g1 gc, windows-amd64)
# No core dump will be written. Minidumps are not enabled by default on client versions of Windows
#

---------------  S U M M A R Y ------------

Command Line: -Dorg.gradle.appname=gradlew org.gradle.wrapper.GradleWrapperMain -q -Ptarget-platform=android-arm64 -Ptarget=C:\Users\KIIT\Desktop\YurekaClone\lib\main.dart -Ptrack-widget-creation=true -Pfilesystem-scheme=org-dartlang-root -Pdart-defines=flutter.inspector.structuredErrors%3Dtrue assembleDebug

Host: Intel(R) Core(TM) i5-8250U CPU @ 1.60GHz, 8 cores, 7G,  Windows 10 , 64 bit Build 18362 (10.0.18362.1110)
Time: Mon Dec 21 20:17:35 2020 India Standard Time elapsed time: 0 seconds (0d 0h 0m 0s)

---------------  T H R E A D  ---------------

Current thread (0x0000025cc7624800):  JavaThread "main" [_thread_in_vm, id=23452, stack(0x000000b334300000,0x000000b334400000)]

Stack: [0x000000b334300000,0x000000b334400000]
Native frames: (J=compiled Java code, j=interpreted, Vv=VM code, C=native code)
V  [jvm.dll+0x5a01a9]
V  [jvm.dll+0x6bcf31]
V  [jvm.dll+0x6be126]
V  [jvm.dll+0x6be7b3]
V  [jvm.dll+0x234978]
V  [jvm.dll+0xbb8fb]
V  [jvm.dll+0xbb6ea]
V  [jvm.dll+0xbbbac]
V  [jvm.dll+0x1c0eed]
V  [jvm.dll+0x1c020b]
V  [jvm.dll+0x662e25]
V  [jvm.dll+0x6644c7]
V  [jvm.dll+0x66497f]
V  [jvm.dll+0x664793]
V  [jvm.dll+0x22f106]
V  [jvm.dll+0x1725e3]
V  [jvm.dll+0x36170f]
C  0x0000025cd061eb5d

Java frames: (J=compiled Java code, j=interpreted, Vv=VM code)
j  jdk.internal.module.SystemModules$default.moduleHashes()[Ljdk/internal/module/ModuleHashes;+6 java.base
j  jdk.internal.module.SystemModuleFinders.of(Ljdk/internal/module/SystemModules;)Ljava/lang/module/ModuleFinder;+15 java.base
j  jdk.internal.module.ModuleBootstrap.boot()Ljava/lang/ModuleLayer;+162 java.base
j  java.lang.System.initPhase2(ZZ)I+0 java.base
v  ~StubRoutines::call_stub

---------------  P R O C E S S  ---------------

Threads class SMR info:
_java_thread_list=0x0000025ce7695f30, length=10, elements={
0x0000025cc7624800, 0x0000025ce7673800, 0x0000025ce7681000, 0x0000025ce7690000,
0x0000025ce7691000, 0x0000025ce7698000, 0x0000025ce769e000, 0x0000025ce83a8800,
0x0000025ce83a9000, 0x0000025ce83b2000
}

Java Threads: ( => current thread )
=>0x0000025cc7624800 JavaThread "main" [_thread_in_vm, id=23452, stack(0x000000b334300000,0x000000b334400000)]
  0x0000025ce7673800 JavaThread "Reference Handler" daemon [_thread_blocked, id=19032, stack(0x000000b335900000,0x000000b335a00000)]
  0x0000025ce7681000 JavaThread "Finalizer" daemon [_thread_blocked, id=20744, stack(0x000000b335a00000,0x000000b335b00000)]
  0x0000025ce7690000 JavaThread "Signal Dispatcher" daemon [_thread_blocked, id=3644, stack(0x000000b335b00000,0x000000b335c00000)]
  0x0000025ce7691000 JavaThread "Attach Listener" daemon [_thread_blocked, id=21448, stack(0x000000b335c00000,0x000000b335d00000)]
  0x0000025ce7698000 JavaThread "C2 CompilerThread0" daemon [_thread_blocked, id=20764, stack(0x000000b335d00000,0x000000b335e00000)]
  0x0000025ce769e000 JavaThread "C2 CompilerThread1" daemon [_thread_blocked, id=8252, stack(0x000000b335e00000,0x000000b335f00000)]
  0x0000025ce83a8800 JavaThread "C2 CompilerThread2" daemon [_thread_blocked, id=14120, stack(0x000000b335f00000,0x000000b336000000)]
  0x0000025ce83a9000 JavaThread "C1 CompilerThread3" daemon [_thread_blocked, id=23308, stack(0x000000b336000000,0x000000b336100000)]
  0x0000025ce83b2000 JavaThread "Sweeper thread" daemon [_thread_blocked, id=19184, stack(0x000000b336100000,0x000000b336200000)]

Other Threads:
  0x0000025ce766b800 VMThread "VM Thread" [stack: 0x000000b335800000,0x000000b335900000] [id=23440]
  0x0000025cc763f800 GCTaskThread "GC Thread#0" [stack: 0x000000b334400000,0x000000b334500000] [id=22648]
  0x0000025cc7641000 GCTaskThread "GC Thread#1" [stack: 0x000000b334500000,0x000000b334600000] [id=19740]
  0x0000025cc7643000 GCTaskThread "GC Thread#2" [stack: 0x000000b334600000,0x000000b334700000] [id=4164]
  0x0000025cc7646000 GCTaskThread "GC Thread#3" [stack: 0x000000b334700000,0x000000b334800000] [id=16148]
  0x0000025cc764f800 GCTaskThread "GC Thread#4" [stack: 0x000000b334800000,0x000000b334900000] [id=22032]
  0x0000025cc7652800 GCTaskThread "GC Thread#5" [stack: 0x000000b334900000,0x000000b334a00000] [id=4668]
  0x0000025cc7654800 GCTaskThread "GC Thread#6" [stack: 0x000000b334a00000,0x000000b334b00000] [id=8944]
  0x0000025cc7655000 GCTaskThread "GC Thread#7" [stack: 0x000000b334b00000,0x000000b334c00000] [id=8596]
  0x0000025cc76bf000 ConcurrentGCThread "G1 Main Marker" [stack: 0x000000b334c00000,0x000000b334d00000] [id=16712]
  0x0000025cc76c0000 ConcurrentGCThread "G1 Conc#0" [stack: 0x000000b334d00000,0x000000b334e00000] [id=13320]
  0x0000025cc76c3000 ConcurrentGCThread "G1 Conc#1" [stack: 0x000000b334e00000,0x000000b334f00000] [id=460]
  0x0000025cc76fe000 ConcurrentGCThread "G1 Refine#0" [stack: 0x000000b334f00000,0x000000b335000000] [id=2344]
  0x0000025ce74ef800 ConcurrentGCThread "G1 Refine#1" [stack: 0x000000b335000000,0x000000b335100000] [id=7112]
  0x0000025ce74f0000 ConcurrentGCThread "G1 Refine#2" [stack: 0x000000b335100000,0x000000b335200000] [id=2680]
  0x0000025ce74f2000 ConcurrentGCThread "G1 Refine#3" [stack: 0x000000b335200000,0x000000b335300000] [id=2696]
  0x0000025ce7502000 ConcurrentGCThread "G1 Refine#4" [stack: 0x000000b335300000,0x000000b335400000] [id=1128]
  0x0000025ce7502800 ConcurrentGCThread "G1 Refine#5" [stack: 0x000000b335400000,0x000000b335500000] [id=13864]
  0x0000025ce7506000 ConcurrentGCThread "G1 Refine#6" [stack: 0x000000b335500000,0x000000b335600000] [id=9100]
  0x0000025ce7507000 ConcurrentGCThread "G1 Refine#7" [stack: 0x000000b335600000,0x000000b335700000] [id=21224]
  0x0000025ce7507800 ConcurrentGCThread "G1 Young RemSet Sampling" [stack: 0x000000b335700000,0x000000b335800000] [id=21780]

Threads with active compile tasks:

VM state:not at safepoint (normal execution)

VM Mutex/Monitor currently owned by a thread: None

Heap address: 0x0000000081a00000, size: 2022 MB, Compressed Oops mode: 32-bit
Narrow klass base: 0x0000000000000000, Narrow klass shift: 3
Compressed class space size: 1073741824 Address: 0x0000000100000000

Heap:
 garbage-first heap   total 131072K, used 0K [0x0000000081a00000, 0x0000000100000000)
  region size 1024K, 1 young (1024K), 0 survivors (0K)
 Metaspace       used 2391K, capacity 2568K, committed 2688K, reserved 1060864K
  class space    used 209K, capacity 384K, committed 384K, reserved 1048576K
Heap Regions: E=young(eden), S=young(survivor), O=old, HS=humongous(starts), HC=humongous(continues), CS=collection set, F=free, A=archive, TS=gc time stamp, AC=allocation context, TAMS=top-at-mark-start (previous, next)
|   0|0x0000000081a00000, 0x0000000081a00000, 0x0000000081b00000|  0%| F|  |TS  0|AC  0|TAMS 0x0000000081a00000, 0x0000000081a00000|
|   1|0x0000000081b00000, 0x0000000081b00000, 0x0000000081c00000|  0%| F|  |TS  0|AC  0|TAMS 0x0000000081b00000, 0x0000000081b00000|
|   2|0x0000000081c00000, 0x0000000081c00000, 0x0000000081d00000|  0%| F|  |TS  0|AC  0|TAMS 0x0000000081c00000, 0x0000000081c00000|
|   3|0x0000000081d00000, 0x0000000081d00000, 0x0000000081e00000|  0%| F|  |TS  0|AC  0|TAMS 0x0000000081d00000, 0x0000000081d00000|
|   4|0x0000000081e00000, 0x0000000081e00000, 0x0000000081f00000|  0%| F|  |TS  0|AC  0|TAMS 0x0000000081e00000, 0x0000000081e00000|
|   5|0x0000000081f00000, 0x0000000081f00000, 0x0000000082000000|  0%| F|  |TS  0|AC  0|TAMS 0x0000000081f00000, 0x0000000081f00000|
|   6|0x0000000082000000, 0x0000000082000000, 0x0000000082100000|  0%| F|  |TS  0|AC  0|TAMS 0x0000000082000000, 0x0000000082000000|
|   7|0x0000000082100000, 0x0000000082100000, 0x0000000082200000|  0%| F|  |TS  0|AC  0|TAMS 0x0000000082100000, 0x0000000082100000|
|   8|0x0000000082200000, 0x0000000082200000, 0x0000000082300000|  0%| F|  |TS  0|AC  0|TAMS 0x0000000082200000, 0x0000000082200000|
|   9|0x0000000082300000, 0x0000000082300000, 0x0000000082400000|  0%| F|  |TS  0|AC  0|TAMS 0x0000000082300000, 0x0000000082300000|
|  10|0x0000000082400000, 0x0000000082400000, 0x0000000082500000|  0%| F|  |TS  0|AC  0|TAMS 0x0000000082400000, 0x0000000082400000|
|  11|0x0000000082500000, 0x0000000082500000, 0x0000000082600000|  0%| F|  |TS  0|AC  0|TAMS 0x0000000082500000, 0x0000000082500000|
|  12|0x0000000082600000, 0x0000000082600000, 0x0000000082700000|  0%| F|  |TS  0|AC  0|TAMS 0x0000000082600000, 0x0000000082600000|
|  13|0x0000000082700000, 0x0000000082700000, 0x0000000082800000|  0%| F|  |TS  0|AC  0|TAMS 0x0000000082700000, 0x0000000082700000|
|  14|0x0000000082800000, 0x0000000082800000, 0x0000000082900000|  0%| F|  |TS  0|AC  0|TAMS 0x0000000082800000, 0x0000000082800000|
|  15|0x0000000082900000, 0x0000000082900000, 0x0000000082a00000|  0%| F|  |TS  0|AC  0|TAMS 0x0000000082900000, 0x0000000082900000|
|  16|0x0000000082a00000, 0x0000000082a00000, 0x0000000082b00000|  0%| F|  |TS  0|AC  0|TAMS 0x0000000082a00000, 0x0000000082a00000|
|  17|0x0000000082b00000, 0x0000000082b00000, 0x0000000082c00000|  0%| F|  |TS  0|AC  0|TAMS 0x0000000082b00000, 0x0000000082b00000|
|  18|0x0000000082c00000, 0x0000000082c00000, 0x0000000082d00000|  0%| F|  |TS  0|AC  0|TAMS 0x0000000082c00000, 0x0000000082c00000|
|  19|0x0000000082d00000, 0x0000000082d00000, 0x0000000082e00000|  0%| F|  |TS  0|AC  0|TAMS 0x0000000082d00000, 0x0000000082d00000|
|  20|0x0000000082e00000, 0x0000000082e00000, 0x0000000082f00000|  0%| F|  |TS  0|AC  0|TAMS 0x0000000082e00000, 0x0000000082e00000|
|  21|0x0000000082f00000, 0x0000000082f00000, 0x0000000083000000|  0%| F|  |TS  0|AC  0|TAMS 0x0000000082f00000, 0x0000000082f00000|
|  22|0x0000000083000000, 0x0000000083000000, 0x0000000083100000|  0%| F|  |TS  0|AC  0|TAMS 0x0000000083000000, 0x0000000083000000|
|  23|0x0000000083100000, 0x0000000083100000, 0x0000000083200000|  0%| F|  |TS  0|AC  0|TAMS 0x0000000083100000, 0x0000000083100000|
|  24|0x0000000083200000, 0x0000000083200000, 0x0000000083300000|  0%| F|  |TS  0|AC  0|TAMS 0x0000000083200000, 0x0000000083200000|
|  25|0x0000000083300000, 0x0000000083300000, 0x0000000083400000|  0%| F|  |TS  0|AC  0|TAMS 0x0000000083300000, 0x0000000083300000|
|  26|0x0000000083400000, 0x0000000083400000, 0x0000000083500000|  0%| F|  |TS  0|AC  0|TAMS 0x0000000083400000, 0x0000000083400000|
|  27|0x0000000083500000, 0x0000000083500000, 0x0000000083600000|  0%| F|  |TS  0|AC  0|TAMS 0x0000000083500000, 0x0000000083500000|
|  28|0x0000000083600000, 0x0000000083600000, 0x0000000083700000|  0%| F|  |TS  0|AC  0|TAMS 0x0000000083600000, 0x0000000083600000|
|  29|0x0000000083700000, 0x0000000083700000, 0x0000000083800000|  0%| F|  |TS  0|AC  0|TAMS 0x0000000083700000, 0x0000000083700000|
|  30|0x0000000083800000, 0x0000000083800000, 0x0000000083900000|  0%| F|  |TS  0|AC  0|TAMS 0x0000000083800000, 0x0000000083800000|
|  31|0x0000000083900000, 0x0000000083900000, 0x0000000083a00000|  0%| F|  |TS  0|AC  0|TAMS 0x0000000083900000, 0x0000000083900000|
|  32|0x0000000083a00000, 0x0000000083a00000, 0x0000000083b00000|  0%| F|  |TS  0|AC  0|TAMS 0x0000000083a00000, 0x0000000083a00000|
|  33|0x0000000083b00000, 0x0000000083b00000, 0x0000000083c00000|  0%| F|  |TS  0|AC  0|TAMS 0x0000000083b00000, 0x0000000083b00000|
|  34|0x0000000083c00000, 0x0000000083c00000, 0x0000000083d00000|  0%| F|  |TS  0|AC  0|TAMS 0x0000000083c00000, 0x0000000083c00000|
|  35|0x0000000083d00000, 0x0000000083d00000, 0x0000000083e00000|  0%| F|  |TS  0|AC  0|TAMS 0x0000000083d00000, 0x0000000083d00000|
|  36|0x0000000083e00000, 0x0000000083e00000, 0x0000000083f00000|  0%| F|  |TS  0|AC  0|TAMS 0x0000000083e00000, 0x0000000083e00000|
|  37|0x0000000083f00000, 0x0000000083f00000, 0x0000000084000000|  0%| F|  |TS  0|AC  0|TAMS 0x0000000083f00000, 0x0000000083f00000|
|  38|0x0000000084000000, 0x0000000084000000, 0x0000000084100000|  0%| F|  |TS  0|AC  0|TAMS 0x0000000084000000, 0x0000000084000000|
|  39|0x0000000084100000, 0x0000000084100000, 0x0000000084200000|  0%| F|  |TS  0|AC  0|TAMS 0x0000000084100000, 0x0000000084100000|
|  40|0x0000000084200000, 0x0000000084200000, 0x0000000084300000|  0%| F|  |TS  0|AC  0|TAMS 0x0000000084200000, 0x0000000084200000|
|  41|0x0000000084300000, 0x0000000084300000, 0x0000000084400000|  0%| F|  |TS  0|AC  0|TAMS 0x0000000084300000, 0x0000000084300000|
|  42|0x0000000084400000, 0x0000000084400000, 0x0000000084500000|  0%| F|  |TS  0|AC  0|TAMS 0x0000000084400000, 0x0000000084400000|
|  43|0x0000000084500000, 0x0000000084500000, 0x0000000084600000|  0%| F|  |TS  0|AC  0|TAMS 0x0000000084500000, 0x0000000084500000|
|  44|0x0000000084600000, 0x0000000084600000, 0x0000000084700000|  0%| F|  |TS  0|AC  0|TAMS 0x0000000084600000, 0x0000000084600000|
|  45|0x0000000084700000, 0x0000000084700000, 0x0000000084800000|  0%| F|  |TS  0|AC  0|TAMS 0x0000000084700000, 0x0000000084700000|
|  46|0x0000000084800000, 0x0000000084800000, 0x0000000084900000|  0%| F|  |TS  0|AC  0|TAMS 0x0000000084800000, 0x0000000084800000|
|  47|0x0000000084900000, 0x0000000084900000, 0x0000000084a00000|  0%| F|  |TS  0|AC  0|TAMS 0x0000000084900000, 0x0000000084900000|
|  48|0x0000000084a00000, 0x0000000084a00000, 0x0000000084b00000|  0%| F|  |TS  0|AC  0|TAMS 0x0000000084a00000, 0x0000000084a00000|
|  49|0x0000000084b00000, 0x0000000084b00000, 0x0000000084c00000|  0%| F|  |TS  0|AC  0|TAMS 0x0000000084b00000, 0x0000000084b00000|
|  50|0x0000000084c00000, 0x0000000084c00000, 0x0000000084d00000|  0%| F|  |TS  0|AC  0|TAMS 0x0000000084c00000, 0x0000000084c00000|
|  51|0x0000000084d00000, 0x0000000084d00000, 0x0000000084e00000|  0%| F|  |TS  0|AC  0|TAMS 0x0000000084d00000, 0x0000000084d00000|
|  52|0x0000000084e00000, 0x0000000084e00000, 0x0000000084f00000|  0%| F|  |TS  0|AC  0|TAMS 0x0000000084e00000, 0x0000000084e00000|
|  53|0x0000000084f00000, 0x0000000084f00000, 0x0000000085000000|  0%| F|  |TS  0|AC  0|TAMS 0x0000000084f00000, 0x0000000084f00000|
|  54|0x0000000085000000, 0x0000000085000000, 0x0000000085100000|  0%| F|  |TS  0|AC  0|TAMS 0x0000000085000000, 0x0000000085000000|
|  55|0x0000000085100000, 0x0000000085100000, 0x0000000085200000|  0%| F|  |TS  0|AC  0|TAMS 0x0000000085100000, 0x0000000085100000|
|  56|0x0000000085200000, 0x0000000085200000, 0x0000000085300000|  0%| F|  |TS  0|AC  0|TAMS 0x0000000085200000, 0x0000000085200000|
|  57|0x0000000085300000, 0x0000000085300000, 0x0000000085400000|  0%| F|  |TS  0|AC  0|TAMS 0x0000000085300000, 0x0000000085300000|
|  58|0x0000000085400000, 0x0000000085400000, 0x0000000085500000|  0%| F|  |TS  0|AC  0|TAMS 0x0000000085400000, 0x0000000085400000|
|  59|0x0000000085500000, 0x0000000085500000, 0x0000000085600000|  0%| F|  |TS  0|AC  0|TAMS 0x0000000085500000, 0x0000000085500000|
|  60|0x0000000085600000, 0x0000000085600000, 0x0000000085700000|  0%| F|  |TS  0|AC  0|TAMS 0x0000000085600000, 0x0000000085600000|
|  61|0x0000000085700000, 0x0000000085700000, 0x0000000085800000|  0%| F|  |TS  0|AC  0|TAMS 0x0000000085700000, 0x0000000085700000|
|  62|0x0000000085800000, 0x0000000085800000, 0x0000000085900000|  0%| F|  |TS  0|AC  0|TAMS 0x0000000085800000, 0x0000000085800000|
|  63|0x0000000085900000, 0x0000000085900000, 0x0000000085a00000|  0%| F|  |TS  0|AC  0|TAMS 0x0000000085900000, 0x0000000085900000|
|  64|0x0000000085a00000, 0x0000000085a00000, 0x0000000085b00000|  0%| F|  |TS  0|AC  0|TAMS 0x0000000085a00000, 0x0000000085a00000|
|  65|0x0000000085b00000, 0x0000000085b00000, 0x0000000085c00000|  0%| F|  |TS  0|AC  0|TAMS 0x0000000085b00000, 0x0000000085b00000|
|  66|0x0000000085c00000, 0x0000000085c00000, 0x0000000085d00000|  0%| F|  |TS  0|AC  0|TAMS 0x0000000085c00000, 0x0000000085c00000|
|  67|0x0000000085d00000, 0x0000000085d00000, 0x0000000085e00000|  0%| F|  |TS  0|AC  0|TAMS 0x0000000085d00000, 0x0000000085d00000|
|  68|0x0000000085e00000, 0x0000000085e00000, 0x0000000085f00000|  0%| F|  |TS  0|AC  0|TAMS 0x0000000085e00000, 0x0000000085e00000|
|  69|0x0000000085f00000, 0x0000000085f00000, 0x0000000086000000|  0%| F|  |TS  0|AC  0|TAMS 0x0000000085f00000, 0x0000000085f00000|
|  70|0x0000000086000000, 0x0000000086000000, 0x0000000086100000|  0%| F|  |TS  0|AC  0|TAMS 0x0000000086000000, 0x0000000086000000|
|  71|0x0000000086100000, 0x0000000086100000, 0x0000000086200000|  0%| F|  |TS  0|AC  0|TAMS 0x0000000086100000, 0x0000000086100000|
|  72|0x0000000086200000, 0x0000000086200000, 0x0000000086300000|  0%| F|  |TS  0|AC  0|TAMS 0x0000000086200000, 0x0000000086200000|
|  73|0x0000000086300000, 0x0000000086300000, 0x0000000086400000|  0%| F|  |TS  0|AC  0|TAMS 0x0000000086300000, 0x0000000086300000|
|  74|0x0000000086400000, 0x0000000086400000, 0x0000000086500000|  0%| F|  |TS  0|AC  0|TAMS 0x0000000086400000, 0x0000000086400000|
|  75|0x0000000086500000, 0x0000000086500000, 0x0000000086600000|  0%| F|  |TS  0|AC  0|TAMS 0x0000000086500000, 0x0000000086500000|
|  76|0x0000000086600000, 0x0000000086600000, 0x0000000086700000|  0%| F|  |TS  0|AC  0|TAMS 0x0000000086600000, 0x0000000086600000|
|  77|0x0000000086700000, 0x0000000086700000, 0x0000000086800000|  0%| F|  |TS  0|AC  0|TAMS 0x0000000086700000, 0x0000000086700000|
|  78|0x0000000086800000, 0x0000000086800000, 0x0000000086900000|  0%| F|  |TS  0|AC  0|TAMS 0x0000000086800000, 0x0000000086800000|
|  79|0x0000000086900000, 0x0000000086900000, 0x0000000086a00000|  0%| F|  |TS  0|AC  0|TAMS 0x0000000086900000, 0x0000000086900000|
|  80|0x0000000086a00000, 0x0000000086a00000, 0x0000000086b00000|  0%| F|  |TS  0|AC  0|TAMS 0x0000000086a00000, 0x0000000086a00000|
|  81|0x0000000086b00000, 0x0000000086b00000, 0x0000000086c00000|  0%| F|  |TS  0|AC  0|TAMS 0x0000000086b00000, 0x0000000086b00000|
|  82|0x0000000086c00000, 0x0000000086c00000, 0x0000000086d00000|  0%| F|  |TS  0|AC  0|TAMS 0x0000000086c00000, 0x0000000086c00000|
|  83|0x0000000086d00000, 0x0000000086d00000, 0x0000000086e00000|  0%| F|  |TS  0|AC  0|TAMS 0x0000000086d00000, 0x0000000086d00000|
|  84|0x0000000086e00000, 0x0000000086e00000, 0x0000000086f00000|  0%| F|  |TS  0|AC  0|TAMS 0x0000000086e00000, 0x0000000086e00000|
|  85|0x0000000086f00000, 0x0000000086f00000, 0x0000000087000000|  0%| F|  |TS  0|AC  0|TAMS 0x0000000086f00000, 0x0000000086f00000|
|  86|0x0000000087000000, 0x0000000087000000, 0x0000000087100000|  0%| F|  |TS  0|AC  0|TAMS 0x0000000087000000, 0x0000000087000000|
|  87|0x0000000087100000, 0x0000000087100000, 0x0000000087200000|  0%| F|  |TS  0|AC  0|TAMS 0x0000000087100000, 0x0000000087100000|
|  88|0x0000000087200000, 0x0000000087200000, 0x0000000087300000|  0%| F|  |TS  0|AC  0|TAMS 0x0000000087200000, 0x0000000087200000|
|  89|0x0000000087300000, 0x0000000087300000, 0x0000000087400000|  0%| F|  |TS  0|AC  0|TAMS 0x0000000087300000, 0x0000000087300000|
|  90|0x0000000087400000, 0x0000000087400000, 0x0000000087500000|  0%| F|  |TS  0|AC  0|TAMS 0x0000000087400000, 0x0000000087400000|
|  91|0x0000000087500000, 0x0000000087500000, 0x0000000087600000|  0%| F|  |TS  0|AC  0|TAMS 0x0000000087500000, 0x0000000087500000|
|  92|0x0000000087600000, 0x0000000087600000, 0x0000000087700000|  0%| F|  |TS  0|AC  0|TAMS 0x0000000087600000, 0x0000000087600000|
|  93|0x0000000087700000, 0x0000000087700000, 0x0000000087800000|  0%| F|  |TS  0|AC  0|TAMS 0x0000000087700000, 0x0000000087700000|
|  94|0x0000000087800000, 0x0000000087800000, 0x0000000087900000|  0%| F|  |TS  0|AC  0|TAMS 0x0000000087800000, 0x0000000087800000|
|  95|0x0000000087900000, 0x0000000087900000, 0x0000000087a00000|  0%| F|  |TS  0|AC  0|TAMS 0x0000000087900000, 0x0000000087900000|
|  96|0x0000000087a00000, 0x0000000087a00000, 0x0000000087b00000|  0%| F|  |TS  0|AC  0|TAMS 0x0000000087a00000, 0x0000000087a00000|
|  97|0x0000000087b00000, 0x0000000087b00000, 0x0000000087c00000|  0%| F|  |TS  0|AC  0|TAMS 0x0000000087b00000, 0x0000000087b00000|
|  98|0x0000000087c00000, 0x0000000087c00000, 0x0000000087d00000|  0%| F|  |TS  0|AC  0|TAMS 0x0000000087c00000, 0x0000000087c00000|
|  99|0x0000000087d00000, 0x0000000087d00000, 0x0000000087e00000|  0%| F|  |TS  0|AC  0|TAMS 0x0000000087d00000, 0x0000000087d00000|
| 100|0x0000000087e00000, 0x0000000087e00000, 0x0000000087f00000|  0%| F|  |TS  0|AC  0|TAMS 0x0000000087e00000, 0x0000000087e00000|
| 101|0x0000000087f00000, 0x0000000087f00000, 0x0000000088000000|  0%| F|  |TS  0|AC  0|TAMS 0x0000000087f00000, 0x0000000087f00000|
| 102|0x0000000088000000, 0x0000000088000000, 0x0000000088100000|  0%| F|  |TS  0|AC  0|TAMS 0x0000000088000000, 0x0000000088000000|
| 103|0x0000000088100000, 0x0000000088100000, 0x0000000088200000|  0%| F|  |TS  0|AC  0|TAMS 0x0000000088100000, 0x0000000088100000|
| 104|0x0000000088200000, 0x0000000088200000, 0x0000000088300000|  0%| F|  |TS  0|AC  0|TAMS 0x0000000088200000, 0x0000000088200000|
| 105|0x0000000088300000, 0x0000000088300000, 0x0000000088400000|  0%| F|  |TS  0|AC  0|TAMS 0x0000000088300000, 0x0000000088300000|
| 106|0x0000000088400000, 0x0000000088400000, 0x0000000088500000|  0%| F|  |TS  0|AC  0|TAMS 0x0000000088400000, 0x0000000088400000|
| 107|0x0000000088500000, 0x0000000088500000, 0x0000000088600000|  0%| F|  |TS  0|AC  0|TAMS 0x0000000088500000, 0x0000000088500000|
| 108|0x0000000088600000, 0x0000000088600000, 0x0000000088700000|  0%| F|  |TS  0|AC  0|TAMS 0x0000000088600000, 0x0000000088600000|
| 109|0x0000000088700000, 0x0000000088700000, 0x0000000088800000|  0%| F|  |TS  0|AC  0|TAMS 0x0000000088700000, 0x0000000088700000|
| 110|0x0000000088800000, 0x0000000088800000, 0x0000000088900000|  0%| F|  |TS  0|AC  0|TAMS 0x0000000088800000, 0x0000000088800000|
| 111|0x0000000088900000, 0x0000000088900000, 0x0000000088a00000|  0%| F|  |TS  0|AC  0|TAMS 0x0000000088900000, 0x0000000088900000|
| 112|0x0000000088a00000, 0x0000000088a00000, 0x0000000088b00000|  0%| F|  |TS  0|AC  0|TAMS 0x0000000088a00000, 0x0000000088a00000|
| 113|0x0000000088b00000, 0x0000000088b00000, 0x0000000088c00000|  0%| F|  |TS  0|AC  0|TAMS 0x0000000088b00000, 0x0000000088b00000|
| 114|0x0000000088c00000, 0x0000000088c00000, 0x0000000088d00000|  0%| F|  |TS  0|AC  0|TAMS 0x0000000088c00000, 0x0000000088c00000|
| 115|0x0000000088d00000, 0x0000000088d00000, 0x0000000088e00000|  0%| F|  |TS  0|AC  0|TAMS 0x0000000088d00000, 0x0000000088d00000|
| 116|0x0000000088e00000, 0x0000000088e00000, 0x0000000088f00000|  0%| F|  |TS  0|AC  0|TAMS 0x0000000088e00000, 0x0000000088e00000|
| 117|0x0000000088f00000, 0x0000000088f00000, 0x0000000089000000|  0%| F|  |TS  0|AC  0|TAMS 0x0000000088f00000, 0x0000000088f00000|
| 118|0x0000000089000000, 0x0000000089000000, 0x0000000089100000|  0%| F|  |TS  0|AC  0|TAMS 0x0000000089000000, 0x0000000089000000|
| 119|0x0000000089100000, 0x0000000089100000, 0x0000000089200000|  0%| F|  |TS  0|AC  0|TAMS 0x0000000089100000, 0x0000000089100000|
| 120|0x0000000089200000, 0x0000000089200000, 0x0000000089300000|  0%| F|  |TS  0|AC  0|TAMS 0x0000000089200000, 0x0000000089200000|
| 121|0x0000000089300000, 0x0000000089300000, 0x0000000089400000|  0%| F|  |TS  0|AC  0|TAMS 0x0000000089300000, 0x0000000089300000|
| 122|0x0000000089400000, 0x0000000089400000, 0x0000000089500000|  0%| F|  |TS  0|AC  0|TAMS 0x0000000089400000, 0x0000000089400000|
| 123|0x0000000089500000, 0x0000000089500000, 0x0000000089600000|  0%| F|  |TS  0|AC  0|TAMS 0x0000000089500000, 0x0000000089500000|
| 124|0x0000000089600000, 0x0000000089600000, 0x0000000089700000|  0%| F|  |TS  0|AC  0|TAMS 0x0000000089600000, 0x0000000089600000|
| 125|0x0000000089700000, 0x0000000089700000, 0x0000000089800000|  0%| F|  |TS  0|AC  0|TAMS 0x0000000089700000, 0x0000000089700000|
| 126|0x0000000089800000, 0x0000000089800000, 0x0000000089900000|  0%| F|  |TS  0|AC  0|TAMS 0x0000000089800000, 0x0000000089800000|
| 127|0x0000000089900000, 0x00000000899f5ce8, 0x0000000089a00000| 96%| E|  |TS  0|AC  0|TAMS 0x0000000089900000, 0x0000000089900000|

Card table byte_map: [0x0000025ce0460000,0x0000025ce0860000] byte_map_base: 0x0000025ce0053000

Marking Bits (Prev, Next): (CMBitMap*) 0x0000025cc76be270, (CMBitMap*) 0x0000025cc76be2a8
 Prev Bits: [0x0000025ce0c60000, 0x0000025ce2bf8000)
 Next Bits: [0x0000025ce2c00000, 0x0000025ce4b98000)

Polling page: 0x0000025cc73c0000

CodeHeap 'non-profiled nmethods': size=120000Kb used=2Kb max_used=2Kb free=119997Kb
 bounds [0x0000025cd80d0000, 0x0000025cd8340000, 0x0000025cdf600000]
CodeHeap 'profiled nmethods': size=120000Kb used=28Kb max_used=28Kb free=119971Kb
 bounds [0x0000025cd0ba0000, 0x0000025cd0e10000, 0x0000025cd80d0000]
CodeHeap 'non-nmethods': size=5760Kb used=979Kb max_used=990Kb free=4780Kb
 bounds [0x0000025cd0600000, 0x0000025cd0870000, 0x0000025cd0ba0000]
 total_blobs=301 nmethods=22 adapters=138
 compilation: enabled

Compilation events (10 events):
Event: 0.178 Thread 0x0000025ce83a9000   18       3       java.util.Objects::requireNonNull (14 bytes)
Event: 0.178 Thread 0x0000025ce83a9000 nmethod 18 0x0000025cd0ba5210 code [0x0000025cd0ba53e0, 0x0000025cd0ba5610]
Event: 0.178 Thread 0x0000025ce83a9000   19       3       java.util.AbstractCollection::<init> (5 bytes)
Event: 0.179 Thread 0x0000025ce83a9000 nmethod 19 0x0000025cd0ba5710 code [0x0000025cd0ba58c0, 0x0000025cd0ba5a78]
Event: 0.179 Thread 0x0000025ce83a9000   20       3       java.util.AbstractSet::<init> (5 bytes)
Event: 0.179 Thread 0x0000025ce83a9000 nmethod 20 0x0000025cd0ba5b10 code [0x0000025cd0ba5cc0, 0x0000025cd0ba5ed8]
Event: 0.179 Thread 0x0000025ce83a9000   21       3       java.util.ImmutableCollections$AbstractImmutableSet::<init> (5 bytes)
Event: 0.179 Thread 0x0000025ce83a9000 nmethod 21 0x0000025cd0ba5f90 code [0x0000025cd0ba6160, 0x0000025cd0ba63d8]
Event: 0.183 Thread 0x0000025ce83a9000   22       3       java.util.Set::of (66 bytes)
Event: 0.184 Thread 0x0000025ce83a9000 nmethod 22 0x0000025cd0ba6510 code [0x0000025cd0ba6740, 0x0000025cd0ba6ed0]

GC Heap History (0 events):
No events

Deoptimization events (0 events):
No events

Classes redefined (0 events):
No events

Internal exceptions (0 events):
No events

Events (10 events):
Event: 0.168 loading class java/lang/module/ModuleDescriptor$Requires$Modifier done
Event: 0.173 loading class java/util/ImmutableCollections$ListN
Event: 0.174 loading class java/util/ImmutableCollections$ListN done
Event: 0.174 loading class java/util/ImmutableCollections$List2
Event: 0.174 loading class java/util/ImmutableCollections$List2 done
Event: 0.183 loading class jdk/internal/module/ModuleTarget
Event: 0.183 loading class jdk/internal/module/ModuleTarget done
Event: 0.183 loading class jdk/internal/module/ModuleHashes
Event: 0.183 loading class jdk/internal/module/ModuleHashes done
Event: 0.183 loading class jdk/internal/module/ModuleHashes$Builder


Dynamic libraries:
0x00007ff7a6150000 - 0x00007ff7a618e000 	C:\Program Files (x86)\Common Files\Oracle\Java\javapath\java.exe
0x00007ffd26100000 - 0x00007ffd262f0000 	C:\WINDOWS\SYSTEM32\ntdll.dll
0x00007ffd24fb0000 - 0x00007ffd25062000 	C:\WINDOWS\System32\KERNEL32.DLL
0x00007ffd23250000 - 0x00007ffd234f5000 	C:\WINDOWS\System32\KERNELBASE.dll
0x00007ffd26010000 - 0x00007ffd260b3000 	C:\WINDOWS\System32\ADVAPI32.dll
0x00007ffd25070000 - 0x00007ffd2510e000 	C:\WINDOWS\System32\msvcrt.dll
0x00007ffd24f10000 - 0x00007ffd24fa7000 	C:\WINDOWS\System32\sechost.dll
0x00007ffd25a00000 - 0x00007ffd25b20000 	C:\WINDOWS\System32\RPCRT4.dll
0x00007ffd24d00000 - 0x00007ffd24e94000 	C:\WINDOWS\System32\USER32.dll
0x00007ffd239f0000 - 0x00007ffd23a11000 	C:\WINDOWS\System32\win32u.dll
0x00007ffd241b0000 - 0x00007ffd241d6000 	C:\WINDOWS\System32\GDI32.dll
0x00007ffd23520000 - 0x00007ffd236b6000 	C:\WINDOWS\System32\gdi32full.dll
0x00007ffd23950000 - 0x00007ffd239ee000 	C:\WINDOWS\System32\msvcp_win.dll
0x00007ffd230a0000 - 0x00007ffd2319a000 	C:\WINDOWS\System32\ucrtbase.dll
0x00007ffd108c0000 - 0x00007ffd10b44000 	C:\WINDOWS\WinSxS\amd64_microsoft.windows.common-controls_6595b64144ccf1df_6.0.18362.1256_none_9e7e379be45e40e2\COMCTL32.dll
0x00007ffd22050000 - 0x00007ffd2205a000 	C:\WINDOWS\SYSTEM32\VERSION.dll
0x00007ffd25cd0000 - 0x00007ffd26006000 	C:\WINDOWS\System32\combase.dll
0x00007ffd238c0000 - 0x00007ffd23941000 	C:\WINDOWS\System32\bcryptPrimitives.dll
0x00007ffd24240000 - 0x00007ffd2426e000 	C:\WINDOWS\System32\IMM32.DLL
0x00007ffcee760000 - 0x00007ffcee84f000 	C:\Program Files\Java\jre-10.0.2\bin\msvcr120.dll
0x00007ffceb2b0000 - 0x00007ffceb356000 	C:\Program Files\Java\jre-10.0.2\bin\msvcp120.dll
0x0000000076080000 - 0x0000000076af0000 	C:\Program Files\Java\jre-10.0.2\bin\server\jvm.dll
0x00007ffd24cf0000 - 0x00007ffd24cf8000 	C:\WINDOWS\System32\PSAPI.DLL
0x00007ffcfbfb0000 - 0x00007ffcfbfb9000 	C:\WINDOWS\SYSTEM32\WSOCK32.dll
0x00007ffd19290000 - 0x00007ffd192b4000 	C:\WINDOWS\SYSTEM32\WINMM.dll
0x00007ffd24ea0000 - 0x00007ffd24f0f000 	C:\WINDOWS\System32\WS2_32.dll
0x00007ffd19260000 - 0x00007ffd1928d000 	C:\WINDOWS\SYSTEM32\winmmbase.dll
0x00007ffd23200000 - 0x00007ffd2324a000 	C:\WINDOWS\System32\cfgmgr32.dll
0x00007ffd195a0000 - 0x00007ffd195af000 	C:\Program Files\Java\jre-10.0.2\bin\verify.dll
0x00007ffd216a0000 - 0x00007ffd21894000 	C:\WINDOWS\SYSTEM32\DBGHELP.DLL
0x00007ffd0b810000 - 0x00007ffd0b83a000 	C:\WINDOWS\SYSTEM32\dbgcore.DLL
0x00007ffcf52e0000 - 0x00007ffcf5307000 	C:\Program Files\Java\jre-10.0.2\bin\java.dll
0x00007ffcfaf50000 - 0x00007ffcfaf66000 	C:\Program Files\Java\jre-10.0.2\bin\zip.dll
0x00007ffd18eb0000 - 0x00007ffd18eba000 	C:\Program Files\Java\jre-10.0.2\bin\jimage.dll
0x00007ffd24270000 - 0x00007ffd24957000 	C:\WINDOWS\System32\SHELL32.dll
0x00007ffd251b0000 - 0x00007ffd25259000 	C:\WINDOWS\System32\shcore.dll
0x00007ffd23a20000 - 0x00007ffd241a1000 	C:\WINDOWS\System32\windows.storage.dll
0x00007ffd23040000 - 0x00007ffd23063000 	C:\WINDOWS\System32\profapi.dll
0x00007ffd22ff0000 - 0x00007ffd2303a000 	C:\WINDOWS\System32\powrprof.dll
0x00007ffd22fa0000 - 0x00007ffd22fb0000 	C:\WINDOWS\System32\UMPDC.dll
0x00007ffd25390000 - 0x00007ffd253e2000 	C:\WINDOWS\System32\shlwapi.dll
0x00007ffd22fb0000 - 0x00007ffd22fc1000 	C:\WINDOWS\System32\kernel.appcore.dll
0x00007ffd23500000 - 0x00007ffd23517000 	C:\WINDOWS\System32\cryptsp.dll

dbghelp: loaded successfully - version: 4.0.5 - missing functions: none
symbol engine: initialized successfully - sym options: 0x614 - pdb path: .;C:\Program Files (x86)\Common Files\Oracle\Java\javapath;C:\WINDOWS\SYSTEM32;C:\WINDOWS\WinSxS\amd64_microsoft.windows.common-controls_6595b64144ccf1df_6.0.18362.1256_none_9e7e379be45e40e2;C:\Program Files\Java\jre-10.0.2\bin;C:\Program Files\Java\jre-10.0.2\bin\server

VM Arguments:
jvm_args: -Dorg.gradle.appname=gradlew 
java_command: org.gradle.wrapper.GradleWrapperMain -q -Ptarget-platform=android-arm64 -Ptarget=C:\Users\KIIT\Desktop\YurekaClone\lib\main.dart -Ptrack-widget-creation=true -Pfilesystem-scheme=org-dartlang-root -Pdart-defines=flutter.inspector.structuredErrors%3Dtrue assembleDebug
java_class_path (initial): C:\Users\KIIT\Desktop\YurekaClone\android\\gradle\wrapper\gradle-wrapper.jar
Launcher Type: SUN_STANDARD

Logging:
Log output configuration:
#0: stdout all=warning uptime,level,tags
#1: stderr all=off uptime,level,tags

Environment Variables:
CLASSPATH=C:\Users\KIIT\Desktop\YurekaClone\android\\gradle\wrapper\gradle-wrapper.jar
PATH=C:\oraclexe\app\oracle\product\11.2.0\server\bin;C:\Program Files (x86)\Common Files\Oracle\Java\javapath;C:\windows\system32;C:\windows;C:\windows\System32\Wbem;C:\windows\System32\WindowsPowerShell\v1.0\;C:\Program Files (x86)\NVIDIA Corporation\PhysX\Common;C:\WINDOWS\system32;C:\WINDOWS;C:\WINDOWS\System32\Wbem;C:\WINDOWS\System32\WindowsPowerShell\v1.0\;C:\WINDOWS\System32\OpenSSH\;C:\Program Files (x86)\Intel\Intel(R) Management Engine Components\DAL;C:\Program Files\Intel\Intel(R) Management Engine Components\DAL;C:\Program Files\Intel\WiFi\bin\;C:\Program Files\Common Files\Intel\WirelessCommon\;C:\Program Files\Amazon\AWSCLIV2\;C:\Program Files\Microsoft SQL Server\Client SDK\ODBC\170\Tools\Binn\;C:\Program Files (x86)\Microsoft SQL Server\150\Tools\Binn\;C:\Program Files\Microsoft SQL Server\150\Tools\Binn\;C:\Program Files\Microsoft SQL Server\150\DTS\Binn\;C:\Program Files (x86)\Microsoft SQL Server\150\DTS\Binn\;C:\Program Files\Git\cmd;C:\Program Files\Docker\Docker\resources\bin;C:\ProgramData\DockerDesktop\version-bin;C:\Users\KIIT\AppData\Local\Programs\Python\Python37-32\Scripts\;C:\Users\KIIT\AppData\Local\Programs\Python\Python37-32\;C:\Users\KIIT\AppData\Local\Microsoft\WindowsApps;C:\Users\KIIT\AppData\Local\Programs\Microsoft VS Code\bin;C:\Program Files\Java\jre1.8.0_171\bin;C:\Program Files\Java\jdk1.8.0_171\bin;C:\Users\KIIT\AppData\Local\GitHubDesktop\bin;C:\Users\KIIT\Downloads\flutter_windows_1.17.0-stable\flutter\bin;C:\Users\KIIT\Downloads\terraform_0.12.26_windows_amd64;E:\WEB DESIGNING COURSE;;C:\Users\KIIT\Downloads\flutter_windows_1.17.0-stable\flutter\bin\mingit\cmd
USERNAME=KIIT
OS=Windows_NT
PROCESSOR_IDENTIFIER=Intel64 Family 6 Model 142 Stepping 10, GenuineIntel



---------------  S Y S T E M  ---------------

OS: Windows 10 , 64 bit Build 18362 (10.0.18362.1110)

CPU:total 8 (initial active 8) (4 cores per cpu, 2 threads per core) family 6 model 142 stepping 10, cmov, cx8, fxsr, mmx, sse, sse2, sse3, ssse3, sse4.1, sse4.2, popcnt, avx, avx2, aes, clmul, erms, 3dnowpref, lzcnt, ht, tsc, tscinvbit, bmi1, bmi2, adx, fma

Memory: 4k page, physical 8277192k(762344k free), swap 18762952k(120k free)

vm_info: Java HotSpot(TM) 64-Bit Server VM (10.0.2+13) for windows-amd64 JRE (10.0.2+13), built on Jun 28 2018 01:57:56 by "mach5one" with MS VC++ 12.0 (VS2013)

END.
